  5800.0   0.01396     129.14     129.14   7.410988   7.41099  101.0321    93.8251   103.8659   101.0321    0.05079    0.05079  106.8975  -23.0000  -5.0000   0.01396430.975122
  5764.6   0.01394     130.37     130.08   7.258148   7.29126  101.3393    94.2522   104.3392   101.2316    0.05086    0.05080  106.7207  -23.0000  -4.9245   0.01394030.681606
  5729.3   0.01418     132.37     131.65   7.162665   7.24170  101.9154    94.9368   105.0980   101.6556    0.05204    0.05191  106.5477  -22.7174  -4.7169   0.01418330.218889
  5693.9   0.01442     134.69     133.47   7.030904   7.16035  102.5956    95.7233   105.9695   102.1636    0.05325    0.05303  106.3783  -22.4357  -4.4940   0.01441729.697504
  5658.6   0.01465     137.16     135.40   6.887279   7.06821  103.3104    96.5455   106.8805   102.6961    0.05448    0.05415  106.2127  -22.1552  -4.2672   0.01464729.163506
  5623.2   0.01487     139.69     137.35   6.741945   6.97408  104.0300    97.3752   107.7998   103.2278    0.05570    0.05527  106.0507  -21.8756  -4.0413   0.01487328.635679
  5587.9   0.01510     142.24     139.30   6.598979   6.88155  104.7423    98.2006   108.7143   103.7483    0.05693    0.05639  105.8923  -21.5971  -3.8183   0.01509828.121321
  5552.5   0.01532     144.81     141.24   6.459901   6.79198  105.4420    99.0168   109.6185   104.2532    0.05815    0.05750  105.7375  -21.3197  -3.5989   0.01532027.622927
  5517.2   0.01554     147.38     143.15   6.325181   6.70585  106.1273    99.8221   110.5105   104.7413    0.05937    0.05860  105.5862  -21.0433  -3.3835   0.01554027.140997
  5481.8   0.01576     149.95     145.04   6.194855   6.62320  106.7978   100.6157   111.3896   105.2119    0.06059    0.05969  105.4385  -20.7679  -3.1720   0.01575826.675224
  5446.5   0.01597     152.53     146.91   6.068785   6.54398  107.4535   101.3978   112.2558   105.6653    0.06179    0.06077  105.2942  -20.4936  -2.9644   0.01597426.224989
  5411.1   0.01619     155.10     148.75   5.946773   6.46803  108.0946   102.1684   113.1094   106.1017    0.06300    0.06183  105.1534  -20.2204  -2.7606   0.01618825.789570
  5375.8   0.01640     157.68     150.56   5.828607   6.39519  108.7217   102.9282   113.9509   106.5217    0.06419    0.06289  105.0161  -19.9482  -2.5605   0.01640025.368235
  5340.4   0.01661     160.25     152.35   5.714077   6.32533  109.3352   103.6773   114.7805   106.9255    0.06538    0.06394  104.8821  -19.6771  -2.3639   0.01661024.960270
  5305.1   0.01682     162.83     154.11   5.602989   6.25828  109.9355   104.4161   115.5988   107.3137    0.06656    0.06497  104.7515  -19.4071  -2.1708   0.01681724.565006
  5269.7   0.01702     165.41     155.84   5.495154   6.19389  110.5231   105.1450   116.4061   107.6866    0.06773    0.06599  104.6242  -19.1381  -1.9810   0.01702224.181799
  5234.3   0.01723     168.00     157.55   5.390398   6.13204  111.0983   105.8644   117.2028   108.0447    0.06890    0.06700  104.5002  -18.8702  -1.7944   0.01722623.810045
  5199.0   0.01743     170.58     159.23   5.288561   6.07260  111.6618   106.5747   117.9895   108.3885    0.07005    0.06800  104.3794  -18.6034  -1.6109   0.01742623.449177
  5163.6   0.01762     173.17     160.89   5.189484   6.01543  112.2137   107.2761   118.7663   108.7184    0.07120    0.06898  104.2619  -18.3376  -1.4303   0.01762523.098656
  5128.3   0.01782     175.76     162.52   5.093033   5.96044  112.7546   107.9691   119.5338   109.0346    0.07234    0.06995  104.1476  -18.0730  -1.2527   0.01782122.757988
  5092.9   0.01802     178.36     164.13   4.999079   5.90752  113.2848   108.6540   120.2924   109.3377    0.07347    0.07091  104.0364  -17.8093  -1.0778   0.01801522.426699
  5057.6   0.01821     180.96     165.71   4.907495   5.85655  113.8047   109.3311   121.0422   109.6280    0.07459    0.07186  103.9284  -17.5468  -0.9056   0.01820722.104342
  5022.2   0.01840     183.57     167.26   4.818168   5.80746  114.3146   110.0006   121.7839   109.9059    0.07571    0.07279  103.8234  -17.2853  -0.7360   0.01839621.790495
  4986.9   0.01858     186.18     168.79   4.730992   5.76015  114.8150   110.6630   122.5175   110.1717    0.07681    0.07371  103.7215  -17.0249  -0.5688   0.01858321.484764
  4951.5   0.01877     188.80     170.30   4.645869   5.71453  115.3061   111.3186   123.2436   110.4259    0.07791    0.07461  103.6227  -16.7656  -0.4041   0.01876821.186768
  4916.2   0.01895     191.42     171.78   4.562701   5.67053  115.7884   111.9675   123.9625   110.6687    0.07899    0.07550  103.5268  -16.5074  -0.2417   0.01895020.896147
  4880.8   0.01913     194.06     173.24   4.481403   5.62806  116.2621   112.6102   124.6744   110.9007    0.08007    0.07638  103.4339  -16.2502  -0.0814   0.01913020.612564
  4845.5   0.01931     196.70     174.68   4.401893   5.58707  116.7276   113.2469   125.3797   111.1219    0.08114    0.07724  103.3439  -15.9941   0.0767   0.01930820.335699
  4810.1   0.01948     199.35     176.09   4.324096   5.54747  117.1851   113.8779   126.0787   111.3329    0.08220    0.07809  103.2568  -15.7390   0.2327   0.01948320.065252
  4774.7   0.01966     202.01     177.48   4.247940   5.50920  117.6351   114.5035   126.7717   111.5339    0.08325    0.07893  103.1726  -15.4851   0.3868   0.01965719.800932
  4739.4   0.01983     204.68     178.84   4.173358   5.47220  118.0777   115.1239   127.4590   111.7253    0.08429    0.07975  103.0912  -15.2322   0.5390   0.01982819.542475
  4704.0   0.02000     207.37     180.19   4.100284   5.43641  118.5132   115.7394   128.1409   111.9074    0.08532    0.08056  103.0126  -14.9803   0.6895   0.01999719.289608
  4668.7   0.02016     210.06     181.51   4.028656   5.40178  118.9421   116.3503   128.8178   112.0804    0.08634    0.08136  102.9368  -14.7295   0.8382   0.02016419.042082
  4633.3   0.02033     212.77     182.82   3.958423   5.36825  119.3645   116.9567   129.4898   112.2449    0.08736    0.08215  102.8637  -14.4798   0.9852   0.02032818.799665
  4598.0   0.02049     215.49     184.10   3.889532   5.33577  119.7808   117.5592   130.1573   112.4010    0.08836    0.08292  102.7934  -14.2311   1.1308   0.02049118.562136
  4562.6   0.02065     218.23     185.36   3.821932   5.30429  120.1910   118.1577   130.8205   112.5489    0.08936    0.08368  102.7257  -13.9835   1.2748   0.02065218.329283
  4527.3   0.02081     220.98     186.61   3.755575   5.27376  120.5957   118.7525   131.4798   112.6891    0.09035    0.08443  102.6606  -13.7369   1.4174   0.02081118.100897
  4491.9   0.02097     223.75     187.83   3.690423   5.24413  120.9950   119.3440   132.1353   112.8219    0.09133    0.08517  102.5982  -13.4914   1.5587   0.02096817.876783
  4456.6   0.02112     226.54     189.04   3.626426   5.21537  121.3892   119.9324   132.7874   112.9474    0.09231    0.08589  102.5383  -13.2469   1.6987   0.02112317.656754
  4421.2   0.02128     229.35     190.23   3.563546   5.18743  121.7785   120.5179   133.4364   113.0661    0.09328    0.08661  102.4810  -13.0035   1.8375   0.02127617.440632
  4385.9   0.02143     232.18     191.41   3.501751   5.16027  122.1632   121.1007   134.0824   113.1782    0.09424    0.08731  102.4262  -12.7611   1.9752   0.02142817.228252
  4350.5   0.02158     235.03     192.56   3.441003   5.13386  122.5435   121.6811   134.7258   113.2839    0.09520    0.08800  102.3740  -12.5197   2.1119   0.02157817.019451
  4315.2   0.02173     237.90     193.71   3.381270   5.10815  122.9197   122.2593   135.3667   113.3836    0.09615    0.08869  102.3241  -12.2794   2.2476   0.02172716.814074
  4279.8   0.02187     240.79     194.84   3.322521   5.08311  123.2919   122.8355   136.0056   113.4775    0.09709    0.08936  102.2767  -12.0401   2.3823   0.02187416.611971
  4244.4   0.02202     243.71     195.95   3.264722   5.05870  123.6605   123.4099   136.6424   113.5660    0.09803    0.09003  102.2317  -11.8018   2.5163   0.02202016.413000
  4209.1   0.02216     246.65     197.05   3.207851   5.03490  124.0256   123.9829   137.2778   113.6491    0.09897    0.09069  102.1891  -11.5645   2.6495   0.02216516.217026
  4173.7   0.02231     249.63     198.14   3.151881   5.01166  124.3875   124.5546   137.9117   113.7273    0.09990    0.09134  102.1488  -11.3282   2.7819   0.02230816.023920
  4138.4   0.02245     252.63     199.22   3.096784   4.98896  124.7465   125.1252   138.5445   113.8008    0.10083    0.09198  102.1109  -11.0930   2.9138   0.02245115.833557
  4103.0   0.02259     255.66     200.29   3.042537   4.96677  125.1025   125.6949   139.1763   113.8699    0.10175    0.09261  102.0752  -10.8587   3.0451   0.02259215.645819
  4067.7   0.02273     258.72     201.35   2.989120   4.94505  125.4560   126.2640   139.8075   113.9347    0.10267    0.09324  102.0418  -10.6255   3.1758   0.02273215.460595
  4032.3   0.02287     261.82     202.40   2.936510   4.92378  125.8072   126.8327   140.4382   113.9956    0.10359    0.09387  102.0106  -10.3932   3.3062   0.02287215.277773
  3997.0   0.02301     264.95     203.44   2.884687   4.90294  126.1562   127.4012   141.0688   114.0528    0.10451    0.09448  101.9816  -10.1620   3.4362   0.02301115.097246
  3961.6   0.02315     268.12     204.47   2.833632   4.88249  126.5032   127.9696   141.6995   114.1065    0.10543    0.09510  101.9548   -9.9317   3.5658   0.02315014.918919
  3926.3   0.02329     271.32     205.50   2.783328   4.86241  126.8485   128.5383   142.3303   114.1571    0.10635    0.09571  101.9302   -9.7024   3.6953   0.02328814.742697
  3890.9   0.02343     274.57     206.52   2.733759   4.84267  127.1922   129.1074   142.9617   114.2047    0.10727    0.09631  101.9077   -9.4741   3.8245   0.02342614.568490
  3855.6   0.02356     277.85     207.54   2.684906   4.82325  127.5345   129.6771   143.5938   114.2495    0.10819    0.09692  101.8872   -9.2467   3.9537   0.02356314.396207
  3820.2   0.02370     281.18     208.56   2.636755   4.80412  127.8757   130.2476   144.2269   114.2919    0.10911    0.09752  101.8689   -9.0203   4.0828   0.02370114.225768
  3784.8   0.02384     284.55     209.57   2.589291   4.78527  128.2159   130.8192   144.8612   114.3321    0.11003    0.09812  101.8526   -8.7949   4.2120   0.02383814.057087
  3749.5   0.02398     287.98     210.58   2.542498   4.76666  128.5553   131.3920   145.4969   114.3702    0.11096    0.09872  101.8383   -8.5704   4.3412   0.02397613.890089
  3714.1   0.02411     291.45     211.59   2.496365   4.74828  128.8941   131.9662   146.1343   114.4065    0.11190    0.09932  101.8260   -8.3469   4.4706   0.02411413.724699
  3678.8   0.02425     294.97     212.60   2.450878   4.73010  129.2325   132.5422   146.7735   114.4413    0.11283    0.09992  101.8157   -8.1243   4.6002   0.02425213.560850
  3643.4   0.02439     298.54     213.61   2.406025   4.71211  129.5706   133.1200   147.4149   114.4747    0.11378    0.10052  101.8073   -7.9026   4.7301   0.02439113.398472
  3608.1   0.02453     302.17     214.62   2.361794   4.69429  129.9087   133.6998   148.0586   114.5070    0.11473    0.10113  101.8009   -7.6819   4.8603   0.02453113.237502
  3572.7   0.02467     305.86     215.64   2.318174   4.67660  130.2469   134.2819   148.7049   114.5384    0.11569    0.10173  101.7964   -7.4621   4.9909   0.02467213.077879
  3537.4   0.02481     309.61     216.66   2.275152   4.65904  130.5854   134.8665   149.3539   114.5691    0.11665    0.10235  101.7937   -7.2432   5.1220   0.02481312.919538
  3502.0   0.02496     313.42     217.69   2.232722   4.64159  130.9243   135.4538   150.0060   114.5993    0.11763    0.10296  101.7929   -7.0253   5.2536   0.02495612.762430
  3466.7   0.02510     317.30     218.72   2.190872   4.62423  131.2639   136.0439   150.6612   114.6293    0.11862    0.10358  101.7929   -6.8082   5.3858   0.02510012.606503
  3431.3   0.02525     321.24     219.76   2.149591   4.60693  131.6043   136.6370   151.3199   114.6592    0.11961    0.10421  101.7929   -6.5920   5.5187   0.02524612.451715
  3396.0   0.02539     325.25     220.81   2.108871   4.58969  131.9455   137.2332   151.9820   114.6890    0.12062    0.10485  101.7929   -6.3768   5.6522   0.02539312.298053
  3360.6   0.02554     329.34     221.87   2.068705   4.57251  132.2874   137.8325   152.6477   114.7188    0.12164    0.10549  101.7929   -6.1624   5.7864   0.02554212.145507
  3325.3   0.02569     333.50     222.93   2.029086   4.55537  132.6303   138.4350   153.3169   114.7485    0.12267    0.10613  101.7929   -5.9489   5.9212   0.02569211.994068
  3289.9   0.02584     337.73     224.00   1.990008   4.53829  132.9740   139.0407   153.9897   114.7783    0.12372    0.10679  101.7929   -5.7363   6.0567   0.02584311.843733
  3254.5   0.02600     342.04     225.09   1.951468   4.52125  133.3186   139.6496   154.6662   114.8081    0.12477    0.10745  101.7929   -5.5245   6.1929   0.02599611.694499
  3219.2   0.02615     346.43     226.17   1.913458   4.50426  133.6641   140.2617   155.3463   114.8377    0.12584    0.10811  101.7929   -5.3136   6.3299   0.02615111.546362
  3183.8   0.02631     350.90     227.27   1.875975   4.48733  134.0104   140.8772   156.0300   114.8674    0.12692    0.10879  101.7929   -5.1036   6.4675   0.02630711.399324
  3148.5   0.02646     355.45     228.38   1.839015   4.47044  134.3576   141.4959   156.7175   114.8970    0.12801    0.10947  101.7929   -4.8944   6.6058   0.02646411.253381
  3113.1   0.02662     360.08     229.49   1.802572   4.45361  134.7056   142.1179   157.4087   114.9266    0.12911    0.11015  101.7929   -4.6861   6.7448   0.02662411.108528
  3077.8   0.02678     364.80     230.61   1.766641   4.43683  135.0546   142.7433   158.1036   114.9561    0.13023    0.11085  101.7929   -4.4786   6.8845   0.02678410.964766
  3042.4   0.02695     369.61     231.74   1.731219   4.42010  135.4044   143.3720   158.8023   114.9856    0.13136    0.11155  101.7929   -4.2719   7.0250   0.02694710.822093
  3007.1   0.02711     374.51     232.88   1.696302   4.40343  135.7551   144.0041   159.5047   115.0149    0.13250    0.11226  101.7929   -4.0661   7.1662   0.02711110.680508
  2971.7   0.02728     379.51     234.03   1.661885   4.38681  136.1066   144.6395   160.2110   115.0442    0.13365    0.11297  101.7929   -3.8611   7.3081   0.02727610.540009
  2936.4   0.02744     384.59     235.19   1.627962   4.37024  136.4591   145.2784   160.9211   115.0733    0.13482    0.11369  101.7929   -3.6569   7.4508   0.02744410.400591
  2901.0   0.02761     389.78     236.35   1.594531   4.35373  136.8123   145.9207   161.6350   115.1024    0.13600    0.11442  101.7929   -3.4535   7.5942   0.02761310.262258
  2865.7   0.02778     395.06     237.53   1.561588   4.33727  137.1665   146.5665   162.3528   115.1315    0.13720    0.11516  101.7929   -3.2509   7.7383   0.02778310.125006
  2830.3   0.02796     400.45     238.71   1.529128   4.32087  137.5215   147.2157   163.0744   115.1603    0.13841    0.11590  101.7929   -3.0491   7.8833   0.027955 9.988832
  2795.0   0.02813     405.94     239.90   1.497147   4.30453  137.8774   147.8684   163.8000   115.1891    0.13963    0.11665  101.7929   -2.8481   8.0290   0.028129 9.853738
  2759.6   0.02831     411.53     241.10   1.465639   4.28824  138.2341   148.5246   164.5295   115.2177    0.14086    0.11741  101.7929   -2.6479   8.1754   0.028305 9.719718
  2724.2   0.02848     417.24     242.31   1.434602   4.27201  138.5916   149.1844   165.2629   115.2462    0.14211    0.11817  101.7929   -2.4485   8.3227   0.028483 9.586772
  2688.9   0.02866     423.06     243.53   1.404031   4.25584  138.9501   149.8477   166.0003   115.2746    0.14338    0.11895  101.7929   -2.2498   8.4707   0.028662 9.454892
  2653.5   0.02884     429.00     244.75   1.373921   4.23972  139.3094   150.5146   166.7416   115.3028    0.14466    0.11973  101.7929   -2.0519   8.6195   0.028843 9.324081
  2618.2   0.02903     435.05     245.99   1.344269   4.22367  139.6695   151.1851   167.4871   115.3309    0.14595    0.12052  101.7929   -1.8547   8.7691   0.029026 9.194339
  2582.8   0.02921     441.23     247.23   1.315072   4.20767  140.0305   151.8592   168.2365   115.3588    0.14726    0.12131  101.7929   -1.6583   8.9196   0.029210 9.065662
  2547.5   0.02940     447.53     248.49   1.286323   4.19173  140.3923   152.5370   168.9900   115.3866    0.14858    0.12211  101.7929   -1.4627   9.0708   0.029397 8.938047
  2512.1   0.02958     453.95     249.75   1.258019   4.17585  140.7551   153.2184   169.7475   115.4141    0.14992    0.12293  101.7929   -1.2678   9.2229   0.029585 8.811492
  2476.8   0.02978     460.51     251.02   1.230157   4.16003  141.1186   153.9036   170.5092   115.4415    0.15127    0.12375  101.7929   -1.0736   9.3758   0.029775 8.685993
  2441.4   0.02997     467.21     252.30   1.202731   4.14427  141.4829   154.5924   171.2749   115.4688    0.15264    0.12457  101.7929   -0.8801   9.5296   0.029967 8.561548
  2406.1   0.03016     474.04     253.60   1.175738   4.12857  141.8482   155.2850   172.0449   115.4958    0.15402    0.12541  101.7929   -0.6874   9.6842   0.030161 8.438156
  2370.7   0.03036     481.01     254.90   1.149173   4.11293  142.2142   155.9815   172.8190   115.5227    0.15542    0.12625  101.7929   -0.4954   9.8397   0.030357 8.315812
  2335.4   0.03055     488.13     256.20   1.123035   4.09735  142.5811   156.6817   173.5973   115.5493    0.15684    0.12710  101.7929   -0.3041   9.9960   0.030555 8.194516
  2300.0   0.03075     495.40     257.52   1.097317   4.08183  142.9488   157.3857   174.3798   115.5758    0.15827    0.12796  101.7929   -0.1135  10.1532   0.030754 8.074269
